ARM GAS  /var/folders/fr/_fzkl2b500x6jnd03zkv75240000gn/T//ccKZjhWr.s 			page 1


   1              		.cpu cortex-m3
   2              		.eabi_attribute 20, 1
   3              		.eabi_attribute 21, 1
   4              		.eabi_attribute 23, 3
   5              		.eabi_attribute 24, 1
   6              		.eabi_attribute 25, 1
   7              		.eabi_attribute 26, 1
   8              		.eabi_attribute 30, 1
   9              		.eabi_attribute 34, 1
  10              		.eabi_attribute 18, 4
  11              		.file	"usart.c"
  12              		.text
  13              	.Ltext0:
  14              		.cfi_sections	.debug_frame
  15              		.section	.text.MX_USART2_UART_Init,"ax",%progbits
  16              		.align	1
  17              		.global	MX_USART2_UART_Init
  18              		.arch armv7-m
  19              		.syntax unified
  20              		.thumb
  21              		.thumb_func
  22              		.fpu softvfp
  24              	MX_USART2_UART_Init:
  25              	.LFB65:
  26              		.file 1 "Core/Src/usart.c"
   1:Core/Src/usart.c **** /* USER CODE BEGIN Header */
   2:Core/Src/usart.c **** /**
   3:Core/Src/usart.c ****   ******************************************************************************
   4:Core/Src/usart.c ****   * @file    usart.c
   5:Core/Src/usart.c ****   * @brief   This file provides code for the configuration
   6:Core/Src/usart.c ****   *          of the USART instances.
   7:Core/Src/usart.c ****   ******************************************************************************
   8:Core/Src/usart.c ****   * @attention
   9:Core/Src/usart.c ****   *
  10:Core/Src/usart.c ****   * Copyright (c) 2024 STMicroelectronics.
  11:Core/Src/usart.c ****   * All rights reserved.
  12:Core/Src/usart.c ****   *
  13:Core/Src/usart.c ****   * This software is licensed under terms that can be found in the LICENSE file
  14:Core/Src/usart.c ****   * in the root directory of this software component.
  15:Core/Src/usart.c ****   * If no LICENSE file comes with this software, it is provided AS-IS.
  16:Core/Src/usart.c ****   *
  17:Core/Src/usart.c ****   ******************************************************************************
  18:Core/Src/usart.c ****   */
  19:Core/Src/usart.c **** /* USER CODE END Header */
  20:Core/Src/usart.c **** /* Includes ------------------------------------------------------------------*/
  21:Core/Src/usart.c **** #include "usart.h"
  22:Core/Src/usart.c **** 
  23:Core/Src/usart.c **** /* USER CODE BEGIN 0 */
  24:Core/Src/usart.c **** 
  25:Core/Src/usart.c **** /* USER CODE END 0 */
  26:Core/Src/usart.c **** 
  27:Core/Src/usart.c **** UART_HandleTypeDef huart2;
  28:Core/Src/usart.c **** 
  29:Core/Src/usart.c **** /* USART2 init function */
  30:Core/Src/usart.c **** 
  31:Core/Src/usart.c **** void MX_USART2_UART_Init(void)
  32:Core/Src/usart.c **** {
ARM GAS  /var/folders/fr/_fzkl2b500x6jnd03zkv75240000gn/T//ccKZjhWr.s 			page 2


  27              		.loc 1 32 1 view -0
  28              		.cfi_startproc
  29              		@ args = 0, pretend = 0, frame = 0
  30              		@ frame_needed = 0, uses_anonymous_args = 0
  31 0000 08B5     		push	{r3, lr}
  32              	.LCFI0:
  33              		.cfi_def_cfa_offset 8
  34              		.cfi_offset 3, -8
  35              		.cfi_offset 14, -4
  33:Core/Src/usart.c **** 
  34:Core/Src/usart.c ****   /* USER CODE BEGIN USART2_Init 0 */
  35:Core/Src/usart.c **** 
  36:Core/Src/usart.c ****   /* USER CODE END USART2_Init 0 */
  37:Core/Src/usart.c **** 
  38:Core/Src/usart.c ****   /* USER CODE BEGIN USART2_Init 1 */
  39:Core/Src/usart.c **** 
  40:Core/Src/usart.c ****   /* USER CODE END USART2_Init 1 */
  41:Core/Src/usart.c ****   huart2.Instance = USART2;
  36              		.loc 1 41 3 view .LVU1
  37              		.loc 1 41 19 is_stmt 0 view .LVU2
  38 0002 0A48     		ldr	r0, .L5
  39 0004 0A4B     		ldr	r3, .L5+4
  40 0006 0360     		str	r3, [r0]
  42:Core/Src/usart.c ****   huart2.Init.BaudRate = 115200;
  41              		.loc 1 42 3 is_stmt 1 view .LVU3
  42              		.loc 1 42 24 is_stmt 0 view .LVU4
  43 0008 4FF4E133 		mov	r3, #115200
  44 000c 4360     		str	r3, [r0, #4]
  43:Core/Src/usart.c ****   huart2.Init.WordLength = UART_WORDLENGTH_8B;
  45              		.loc 1 43 3 is_stmt 1 view .LVU5
  46              		.loc 1 43 26 is_stmt 0 view .LVU6
  47 000e 0023     		movs	r3, #0
  48 0010 8360     		str	r3, [r0, #8]
  44:Core/Src/usart.c ****   huart2.Init.StopBits = UART_STOPBITS_1;
  49              		.loc 1 44 3 is_stmt 1 view .LVU7
  50              		.loc 1 44 24 is_stmt 0 view .LVU8
  51 0012 C360     		str	r3, [r0, #12]
  45:Core/Src/usart.c ****   huart2.Init.Parity = UART_PARITY_NONE;
  52              		.loc 1 45 3 is_stmt 1 view .LVU9
  53              		.loc 1 45 22 is_stmt 0 view .LVU10
  54 0014 0361     		str	r3, [r0, #16]
  46:Core/Src/usart.c ****   huart2.Init.Mode = UART_MODE_TX_RX;
  55              		.loc 1 46 3 is_stmt 1 view .LVU11
  56              		.loc 1 46 20 is_stmt 0 view .LVU12
  57 0016 0C22     		movs	r2, #12
  58 0018 4261     		str	r2, [r0, #20]
  47:Core/Src/usart.c ****   huart2.Init.HwFlowCtl = UART_HWCONTROL_NONE;
  59              		.loc 1 47 3 is_stmt 1 view .LVU13
  60              		.loc 1 47 25 is_stmt 0 view .LVU14
  61 001a 8361     		str	r3, [r0, #24]
  48:Core/Src/usart.c ****   huart2.Init.OverSampling = UART_OVERSAMPLING_16;
  62              		.loc 1 48 3 is_stmt 1 view .LVU15
  63              		.loc 1 48 28 is_stmt 0 view .LVU16
  64 001c C361     		str	r3, [r0, #28]
  49:Core/Src/usart.c ****   if (HAL_UART_Init(&huart2) != HAL_OK)
  65              		.loc 1 49 3 is_stmt 1 view .LVU17
  66              		.loc 1 49 7 is_stmt 0 view .LVU18
ARM GAS  /var/folders/fr/_fzkl2b500x6jnd03zkv75240000gn/T//ccKZjhWr.s 			page 3


  67 001e FFF7FEFF 		bl	HAL_UART_Init
  68              	.LVL0:
  69              		.loc 1 49 6 view .LVU19
  70 0022 00B9     		cbnz	r0, .L4
  71              	.L1:
  50:Core/Src/usart.c ****   {
  51:Core/Src/usart.c ****     Error_Handler();
  52:Core/Src/usart.c ****   }
  53:Core/Src/usart.c ****   /* USER CODE BEGIN USART2_Init 2 */
  54:Core/Src/usart.c **** 
  55:Core/Src/usart.c ****   /* USER CODE END USART2_Init 2 */
  56:Core/Src/usart.c **** 
  57:Core/Src/usart.c **** }
  72              		.loc 1 57 1 view .LVU20
  73 0024 08BD     		pop	{r3, pc}
  74              	.L4:
  51:Core/Src/usart.c ****   }
  75              		.loc 1 51 5 is_stmt 1 view .LVU21
  76 0026 FFF7FEFF 		bl	Error_Handler
  77              	.LVL1:
  78              		.loc 1 57 1 is_stmt 0 view .LVU22
  79 002a FBE7     		b	.L1
  80              	.L6:
  81              		.align	2
  82              	.L5:
  83 002c 00000000 		.word	huart2
  84 0030 00440040 		.word	1073759232
  85              		.cfi_endproc
  86              	.LFE65:
  88              		.section	.text.HAL_UART_MspInit,"ax",%progbits
  89              		.align	1
  90              		.global	HAL_UART_MspInit
  91              		.syntax unified
  92              		.thumb
  93              		.thumb_func
  94              		.fpu softvfp
  96              	HAL_UART_MspInit:
  97              	.LVL2:
  98              	.LFB66:
  58:Core/Src/usart.c **** 
  59:Core/Src/usart.c **** void HAL_UART_MspInit(UART_HandleTypeDef* uartHandle)
  60:Core/Src/usart.c **** {
  99              		.loc 1 60 1 is_stmt 1 view -0
 100              		.cfi_startproc
 101              		@ args = 0, pretend = 0, frame = 24
 102              		@ frame_needed = 0, uses_anonymous_args = 0
 103              		.loc 1 60 1 is_stmt 0 view .LVU24
 104 0000 30B5     		push	{r4, r5, lr}
 105              	.LCFI1:
 106              		.cfi_def_cfa_offset 12
 107              		.cfi_offset 4, -12
 108              		.cfi_offset 5, -8
 109              		.cfi_offset 14, -4
 110 0002 87B0     		sub	sp, sp, #28
 111              	.LCFI2:
 112              		.cfi_def_cfa_offset 40
  61:Core/Src/usart.c **** 
ARM GAS  /var/folders/fr/_fzkl2b500x6jnd03zkv75240000gn/T//ccKZjhWr.s 			page 4


  62:Core/Src/usart.c ****   GPIO_InitTypeDef GPIO_InitStruct = {0};
 113              		.loc 1 62 3 is_stmt 1 view .LVU25
 114              		.loc 1 62 20 is_stmt 0 view .LVU26
 115 0004 0023     		movs	r3, #0
 116 0006 0293     		str	r3, [sp, #8]
 117 0008 0393     		str	r3, [sp, #12]
 118 000a 0493     		str	r3, [sp, #16]
 119 000c 0593     		str	r3, [sp, #20]
  63:Core/Src/usart.c ****   if(uartHandle->Instance==USART2)
 120              		.loc 1 63 3 is_stmt 1 view .LVU27
 121              		.loc 1 63 16 is_stmt 0 view .LVU28
 122 000e 0268     		ldr	r2, [r0]
 123              		.loc 1 63 5 view .LVU29
 124 0010 1B4B     		ldr	r3, .L11
 125 0012 9A42     		cmp	r2, r3
 126 0014 01D0     		beq	.L10
 127              	.LVL3:
 128              	.L7:
  64:Core/Src/usart.c ****   {
  65:Core/Src/usart.c ****   /* USER CODE BEGIN USART2_MspInit 0 */
  66:Core/Src/usart.c **** 
  67:Core/Src/usart.c ****   /* USER CODE END USART2_MspInit 0 */
  68:Core/Src/usart.c ****     /* USART2 clock enable */
  69:Core/Src/usart.c ****     __HAL_RCC_USART2_CLK_ENABLE();
  70:Core/Src/usart.c **** 
  71:Core/Src/usart.c ****     __HAL_RCC_GPIOA_CLK_ENABLE();
  72:Core/Src/usart.c ****     /**USART2 GPIO Configuration
  73:Core/Src/usart.c ****     PA2     ------> USART2_TX
  74:Core/Src/usart.c ****     PA3     ------> USART2_RX
  75:Core/Src/usart.c ****     */
  76:Core/Src/usart.c ****     GPIO_InitStruct.Pin = GPIO_PIN_2;
  77:Core/Src/usart.c ****     GPIO_InitStruct.Mode = GPIO_MODE_AF_PP;
  78:Core/Src/usart.c ****     GPIO_InitStruct.Speed = GPIO_SPEED_FREQ_HIGH;
  79:Core/Src/usart.c ****     HAL_GPIO_Init(GPIOA, &GPIO_InitStruct);
  80:Core/Src/usart.c **** 
  81:Core/Src/usart.c ****     GPIO_InitStruct.Pin = GPIO_PIN_3;
  82:Core/Src/usart.c ****     GPIO_InitStruct.Mode = GPIO_MODE_INPUT;
  83:Core/Src/usart.c ****     GPIO_InitStruct.Pull = GPIO_NOPULL;
  84:Core/Src/usart.c ****     HAL_GPIO_Init(GPIOA, &GPIO_InitStruct);
  85:Core/Src/usart.c **** 
  86:Core/Src/usart.c ****     /* USART2 interrupt Init */
  87:Core/Src/usart.c ****     HAL_NVIC_SetPriority(USART2_IRQn, 0, 0);
  88:Core/Src/usart.c ****     HAL_NVIC_EnableIRQ(USART2_IRQn);
  89:Core/Src/usart.c ****   /* USER CODE BEGIN USART2_MspInit 1 */
  90:Core/Src/usart.c **** 
  91:Core/Src/usart.c ****   /* USER CODE END USART2_MspInit 1 */
  92:Core/Src/usart.c ****   }
  93:Core/Src/usart.c **** }
 129              		.loc 1 93 1 view .LVU30
 130 0016 07B0     		add	sp, sp, #28
 131              	.LCFI3:
 132              		.cfi_remember_state
 133              		.cfi_def_cfa_offset 12
 134              		@ sp needed
 135 0018 30BD     		pop	{r4, r5, pc}
 136              	.LVL4:
 137              	.L10:
ARM GAS  /var/folders/fr/_fzkl2b500x6jnd03zkv75240000gn/T//ccKZjhWr.s 			page 5


 138              	.LCFI4:
 139              		.cfi_restore_state
  69:Core/Src/usart.c **** 
 140              		.loc 1 69 5 is_stmt 1 view .LVU31
 141              	.LBB2:
  69:Core/Src/usart.c **** 
 142              		.loc 1 69 5 view .LVU32
  69:Core/Src/usart.c **** 
 143              		.loc 1 69 5 view .LVU33
 144 001a 03F5E633 		add	r3, r3, #117760
 145 001e DA69     		ldr	r2, [r3, #28]
 146 0020 42F40032 		orr	r2, r2, #131072
 147 0024 DA61     		str	r2, [r3, #28]
  69:Core/Src/usart.c **** 
 148              		.loc 1 69 5 view .LVU34
 149 0026 DA69     		ldr	r2, [r3, #28]
 150 0028 02F40032 		and	r2, r2, #131072
 151 002c 0092     		str	r2, [sp]
  69:Core/Src/usart.c **** 
 152              		.loc 1 69 5 view .LVU35
 153 002e 009A     		ldr	r2, [sp]
 154              	.LBE2:
  71:Core/Src/usart.c ****     /**USART2 GPIO Configuration
 155              		.loc 1 71 5 view .LVU36
 156              	.LBB3:
  71:Core/Src/usart.c ****     /**USART2 GPIO Configuration
 157              		.loc 1 71 5 view .LVU37
  71:Core/Src/usart.c ****     /**USART2 GPIO Configuration
 158              		.loc 1 71 5 view .LVU38
 159 0030 9A69     		ldr	r2, [r3, #24]
 160 0032 42F00402 		orr	r2, r2, #4
 161 0036 9A61     		str	r2, [r3, #24]
  71:Core/Src/usart.c ****     /**USART2 GPIO Configuration
 162              		.loc 1 71 5 view .LVU39
 163 0038 9B69     		ldr	r3, [r3, #24]
 164 003a 03F00403 		and	r3, r3, #4
 165 003e 0193     		str	r3, [sp, #4]
  71:Core/Src/usart.c ****     /**USART2 GPIO Configuration
 166              		.loc 1 71 5 view .LVU40
 167 0040 019B     		ldr	r3, [sp, #4]
 168              	.LBE3:
  76:Core/Src/usart.c ****     GPIO_InitStruct.Mode = GPIO_MODE_AF_PP;
 169              		.loc 1 76 5 view .LVU41
  76:Core/Src/usart.c ****     GPIO_InitStruct.Mode = GPIO_MODE_AF_PP;
 170              		.loc 1 76 25 is_stmt 0 view .LVU42
 171 0042 0423     		movs	r3, #4
 172 0044 0293     		str	r3, [sp, #8]
  77:Core/Src/usart.c ****     GPIO_InitStruct.Speed = GPIO_SPEED_FREQ_HIGH;
 173              		.loc 1 77 5 is_stmt 1 view .LVU43
  77:Core/Src/usart.c ****     GPIO_InitStruct.Speed = GPIO_SPEED_FREQ_HIGH;
 174              		.loc 1 77 26 is_stmt 0 view .LVU44
 175 0046 0223     		movs	r3, #2
 176 0048 0393     		str	r3, [sp, #12]
  78:Core/Src/usart.c ****     HAL_GPIO_Init(GPIOA, &GPIO_InitStruct);
 177              		.loc 1 78 5 is_stmt 1 view .LVU45
  78:Core/Src/usart.c ****     HAL_GPIO_Init(GPIOA, &GPIO_InitStruct);
 178              		.loc 1 78 27 is_stmt 0 view .LVU46
ARM GAS  /var/folders/fr/_fzkl2b500x6jnd03zkv75240000gn/T//ccKZjhWr.s 			page 6


 179 004a 0323     		movs	r3, #3
 180 004c 0593     		str	r3, [sp, #20]
  79:Core/Src/usart.c **** 
 181              		.loc 1 79 5 is_stmt 1 view .LVU47
 182 004e 0D4D     		ldr	r5, .L11+4
 183 0050 02A9     		add	r1, sp, #8
 184 0052 2846     		mov	r0, r5
 185              	.LVL5:
  79:Core/Src/usart.c **** 
 186              		.loc 1 79 5 is_stmt 0 view .LVU48
 187 0054 FFF7FEFF 		bl	HAL_GPIO_Init
 188              	.LVL6:
  81:Core/Src/usart.c ****     GPIO_InitStruct.Mode = GPIO_MODE_INPUT;
 189              		.loc 1 81 5 is_stmt 1 view .LVU49
  81:Core/Src/usart.c ****     GPIO_InitStruct.Mode = GPIO_MODE_INPUT;
 190              		.loc 1 81 25 is_stmt 0 view .LVU50
 191 0058 0823     		movs	r3, #8
 192 005a 0293     		str	r3, [sp, #8]
  82:Core/Src/usart.c ****     GPIO_InitStruct.Pull = GPIO_NOPULL;
 193              		.loc 1 82 5 is_stmt 1 view .LVU51
  82:Core/Src/usart.c ****     GPIO_InitStruct.Pull = GPIO_NOPULL;
 194              		.loc 1 82 26 is_stmt 0 view .LVU52
 195 005c 0024     		movs	r4, #0
 196 005e 0394     		str	r4, [sp, #12]
  83:Core/Src/usart.c ****     HAL_GPIO_Init(GPIOA, &GPIO_InitStruct);
 197              		.loc 1 83 5 is_stmt 1 view .LVU53
  83:Core/Src/usart.c ****     HAL_GPIO_Init(GPIOA, &GPIO_InitStruct);
 198              		.loc 1 83 26 is_stmt 0 view .LVU54
 199 0060 0494     		str	r4, [sp, #16]
  84:Core/Src/usart.c **** 
 200              		.loc 1 84 5 is_stmt 1 view .LVU55
 201 0062 0DEB0301 		add	r1, sp, r3
 202 0066 2846     		mov	r0, r5
 203 0068 FFF7FEFF 		bl	HAL_GPIO_Init
 204              	.LVL7:
  87:Core/Src/usart.c ****     HAL_NVIC_EnableIRQ(USART2_IRQn);
 205              		.loc 1 87 5 view .LVU56
 206 006c 2246     		mov	r2, r4
 207 006e 2146     		mov	r1, r4
 208 0070 2620     		movs	r0, #38
 209 0072 FFF7FEFF 		bl	HAL_NVIC_SetPriority
 210              	.LVL8:
  88:Core/Src/usart.c ****   /* USER CODE BEGIN USART2_MspInit 1 */
 211              		.loc 1 88 5 view .LVU57
 212 0076 2620     		movs	r0, #38
 213 0078 FFF7FEFF 		bl	HAL_NVIC_EnableIRQ
 214              	.LVL9:
 215              		.loc 1 93 1 is_stmt 0 view .LVU58
 216 007c CBE7     		b	.L7
 217              	.L12:
 218 007e 00BF     		.align	2
 219              	.L11:
 220 0080 00440040 		.word	1073759232
 221 0084 00080140 		.word	1073809408
 222              		.cfi_endproc
 223              	.LFE66:
 225              		.section	.text.HAL_UART_MspDeInit,"ax",%progbits
ARM GAS  /var/folders/fr/_fzkl2b500x6jnd03zkv75240000gn/T//ccKZjhWr.s 			page 7


 226              		.align	1
 227              		.global	HAL_UART_MspDeInit
 228              		.syntax unified
 229              		.thumb
 230              		.thumb_func
 231              		.fpu softvfp
 233              	HAL_UART_MspDeInit:
 234              	.LVL10:
 235              	.LFB67:
  94:Core/Src/usart.c **** 
  95:Core/Src/usart.c **** void HAL_UART_MspDeInit(UART_HandleTypeDef* uartHandle)
  96:Core/Src/usart.c **** {
 236              		.loc 1 96 1 is_stmt 1 view -0
 237              		.cfi_startproc
 238              		@ args = 0, pretend = 0, frame = 0
 239              		@ frame_needed = 0, uses_anonymous_args = 0
 240              		.loc 1 96 1 is_stmt 0 view .LVU60
 241 0000 08B5     		push	{r3, lr}
 242              	.LCFI5:
 243              		.cfi_def_cfa_offset 8
 244              		.cfi_offset 3, -8
 245              		.cfi_offset 14, -4
  97:Core/Src/usart.c **** 
  98:Core/Src/usart.c ****   if(uartHandle->Instance==USART2)
 246              		.loc 1 98 3 is_stmt 1 view .LVU61
 247              		.loc 1 98 16 is_stmt 0 view .LVU62
 248 0002 0268     		ldr	r2, [r0]
 249              		.loc 1 98 5 view .LVU63
 250 0004 084B     		ldr	r3, .L17
 251 0006 9A42     		cmp	r2, r3
 252 0008 00D0     		beq	.L16
 253              	.LVL11:
 254              	.L13:
  99:Core/Src/usart.c ****   {
 100:Core/Src/usart.c ****   /* USER CODE BEGIN USART2_MspDeInit 0 */
 101:Core/Src/usart.c **** 
 102:Core/Src/usart.c ****   /* USER CODE END USART2_MspDeInit 0 */
 103:Core/Src/usart.c ****     /* Peripheral clock disable */
 104:Core/Src/usart.c ****     __HAL_RCC_USART2_CLK_DISABLE();
 105:Core/Src/usart.c **** 
 106:Core/Src/usart.c ****     /**USART2 GPIO Configuration
 107:Core/Src/usart.c ****     PA2     ------> USART2_TX
 108:Core/Src/usart.c ****     PA3     ------> USART2_RX
 109:Core/Src/usart.c ****     */
 110:Core/Src/usart.c ****     HAL_GPIO_DeInit(GPIOA, GPIO_PIN_2|GPIO_PIN_3);
 111:Core/Src/usart.c **** 
 112:Core/Src/usart.c ****     /* USART2 interrupt Deinit */
 113:Core/Src/usart.c ****     HAL_NVIC_DisableIRQ(USART2_IRQn);
 114:Core/Src/usart.c ****   /* USER CODE BEGIN USART2_MspDeInit 1 */
 115:Core/Src/usart.c **** 
 116:Core/Src/usart.c ****   /* USER CODE END USART2_MspDeInit 1 */
 117:Core/Src/usart.c ****   }
 118:Core/Src/usart.c **** }
 255              		.loc 1 118 1 view .LVU64
 256 000a 08BD     		pop	{r3, pc}
 257              	.LVL12:
 258              	.L16:
ARM GAS  /var/folders/fr/_fzkl2b500x6jnd03zkv75240000gn/T//ccKZjhWr.s 			page 8


 104:Core/Src/usart.c **** 
 259              		.loc 1 104 5 is_stmt 1 view .LVU65
 260 000c 074A     		ldr	r2, .L17+4
 261 000e D369     		ldr	r3, [r2, #28]
 262 0010 23F40033 		bic	r3, r3, #131072
 263 0014 D361     		str	r3, [r2, #28]
 110:Core/Src/usart.c **** 
 264              		.loc 1 110 5 view .LVU66
 265 0016 0C21     		movs	r1, #12
 266 0018 0548     		ldr	r0, .L17+8
 267              	.LVL13:
 110:Core/Src/usart.c **** 
 268              		.loc 1 110 5 is_stmt 0 view .LVU67
 269 001a FFF7FEFF 		bl	HAL_GPIO_DeInit
 270              	.LVL14:
 113:Core/Src/usart.c ****   /* USER CODE BEGIN USART2_MspDeInit 1 */
 271              		.loc 1 113 5 is_stmt 1 view .LVU68
 272 001e 2620     		movs	r0, #38
 273 0020 FFF7FEFF 		bl	HAL_NVIC_DisableIRQ
 274              	.LVL15:
 275              		.loc 1 118 1 is_stmt 0 view .LVU69
 276 0024 F1E7     		b	.L13
 277              	.L18:
 278 0026 00BF     		.align	2
 279              	.L17:
 280 0028 00440040 		.word	1073759232
 281 002c 00100240 		.word	1073876992
 282 0030 00080140 		.word	1073809408
 283              		.cfi_endproc
 284              	.LFE67:
 286              		.comm	huart2,72,4
 287              		.text
 288              	.Letext0:
 289              		.file 2 "/Users/cecilia/Downloads/gcc-arm-none-eabi-8-2019-q3-update/arm-none-eabi/include/machine
 290              		.file 3 "/Users/cecilia/Downloads/gcc-arm-none-eabi-8-2019-q3-update/arm-none-eabi/include/sys/_st
 291              		.file 4 "Drivers/CMSIS/Include/core_cm3.h"
 292              		.file 5 "Drivers/CMSIS/Device/ST/STM32F1xx/Include/system_stm32f1xx.h"
 293              		.file 6 "Drivers/CMSIS/Device/ST/STM32F1xx/Include/stm32f103xb.h"
 294              		.file 7 "Drivers/STM32F1xx_HAL_Driver/Inc/stm32f1xx_hal_def.h"
 295              		.file 8 "Drivers/STM32F1xx_HAL_Driver/Inc/stm32f1xx_hal_gpio.h"
 296              		.file 9 "Drivers/STM32F1xx_HAL_Driver/Inc/stm32f1xx_hal_dma.h"
 297              		.file 10 "Drivers/STM32F1xx_HAL_Driver/Inc/stm32f1xx_hal_uart.h"
 298              		.file 11 "Drivers/STM32F1xx_HAL_Driver/Inc/stm32f1xx_hal.h"
 299              		.file 12 "Core/Inc/usart.h"
 300              		.file 13 "Drivers/STM32F1xx_HAL_Driver/Inc/stm32f1xx_hal_cortex.h"
 301              		.file 14 "Core/Inc/main.h"
ARM GAS  /var/folders/fr/_fzkl2b500x6jnd03zkv75240000gn/T//ccKZjhWr.s 			page 9


DEFINED SYMBOLS
                            *ABS*:0000000000000000 usart.c
/var/folders/fr/_fzkl2b500x6jnd03zkv75240000gn/T//ccKZjhWr.s:16     .text.MX_USART2_UART_Init:0000000000000000 $t
/var/folders/fr/_fzkl2b500x6jnd03zkv75240000gn/T//ccKZjhWr.s:24     .text.MX_USART2_UART_Init:0000000000000000 MX_USART2_UART_Init
/var/folders/fr/_fzkl2b500x6jnd03zkv75240000gn/T//ccKZjhWr.s:83     .text.MX_USART2_UART_Init:000000000000002c $d
                            *COM*:0000000000000048 huart2
/var/folders/fr/_fzkl2b500x6jnd03zkv75240000gn/T//ccKZjhWr.s:89     .text.HAL_UART_MspInit:0000000000000000 $t
/var/folders/fr/_fzkl2b500x6jnd03zkv75240000gn/T//ccKZjhWr.s:96     .text.HAL_UART_MspInit:0000000000000000 HAL_UART_MspInit
/var/folders/fr/_fzkl2b500x6jnd03zkv75240000gn/T//ccKZjhWr.s:220    .text.HAL_UART_MspInit:0000000000000080 $d
/var/folders/fr/_fzkl2b500x6jnd03zkv75240000gn/T//ccKZjhWr.s:226    .text.HAL_UART_MspDeInit:0000000000000000 $t
/var/folders/fr/_fzkl2b500x6jnd03zkv75240000gn/T//ccKZjhWr.s:233    .text.HAL_UART_MspDeInit:0000000000000000 HAL_UART_MspDeInit
/var/folders/fr/_fzkl2b500x6jnd03zkv75240000gn/T//ccKZjhWr.s:280    .text.HAL_UART_MspDeInit:0000000000000028 $d

UNDEFINED SYMBOLS
HAL_UART_Init
Error_Handler
HAL_GPIO_Init
HAL_NVIC_SetPriority
HAL_NVIC_EnableIRQ
HAL_GPIO_DeInit
HAL_NVIC_DisableIRQ
